<?xml version="1.0" encoding="UTF-8"?>
<!-- Generated by org.testng.reporters.JUnitXMLReporter -->
<testsuite ignored="0" hostname="LAPTOP-2AS3KFB2" failures="1" tests="3" name="Default test" time="15.74" errors="0" timestamp="2024-07-30T11:58:23 IST">
  <testcase classname="extendReport.ExecuteWithlistener" name="rcb" time="1.109">
    <failure type="org.testng.internal.thread.ThreadTimeoutException" message="Method extendReport.ExecuteWithlistener.rcb() didn&amp;apos;t finish within the time-out 1000">
      <![CDATA[org.testng.internal.thread.ThreadTimeoutException: Method extendReport.ExecuteWithlistener.rcb() didn't finish within the time-out 1000
at java.base@17.0.2/java.lang.Thread.sleep(Native Method)
at app//org.apache.commons.exec.DefaultExecuteResultHandler.waitFor(DefaultExecuteResultHandler.java:121)
at app//org.openqa.selenium.os.OsProcess.waitFor(OsProcess.java:165)
at app//org.openqa.selenium.os.CommandLine.waitFor(CommandLine.java:108)
at app//org.openqa.selenium.manager.SeleniumManager.runCommand(SeleniumManager.java:116)
at app//org.openqa.selenium.manager.SeleniumManager.getDriverPath(SeleniumManager.java:289)
at app//org.openqa.selenium.remote.service.DriverFinder.getPath(DriverFinder.java:22)
at app//org.openqa.selenium.remote.service.DriverFinder.getPath(DriverFinder.java:13)
at app//org.openqa.selenium.chrome.ChromeDriver.generateExecutor(ChromeDriver.java:99)
at app//org.openqa.selenium.chrome.ChromeDriver.<init>(ChromeDriver.java:88)
at app//org.openqa.selenium.chrome.ChromeDriver.<init>(ChromeDriver.java:83)
at app//org.openqa.selenium.chrome.ChromeDriver.<init>(ChromeDriver.java:51)
at app//extendReport.ExecuteWithlistener.rcb(ExecuteWithlistener.java:24)
at java.base@17.0.2/jdk.internal.reflect.NativeMethodAccessorImpl.invoke0(Native Method)
at java.base@17.0.2/jdk.internal.reflect.NativeMethodAccessorImpl.invoke(NativeMethodAccessorImpl.java:77)
at java.base@17.0.2/jdk.internal.reflect.DelegatingMethodAccessorImpl.invoke(DelegatingMethodAccessorImpl.java:43)
at java.base@17.0.2/java.lang.reflect.Method.invoke(Method.java:568)
at app//org.testng.internal.invokers.MethodInvocationHelper.invokeMethod(MethodInvocationHelper.java:139)
at app//org.testng.internal.invokers.InvokeMethodRunnable.runOne(InvokeMethodRunnable.java:47)
at app//org.testng.internal.invokers.InvokeMethodRunnable.call(InvokeMethodRunnable.java:76)
at app//org.testng.internal.invokers.InvokeMethodRunnable.call(InvokeMethodRunnable.java:11)
at java.base@17.0.2/java.util.concurrent.FutureTask.run(FutureTask.java:264)
at java.base@17.0.2/java.util.concurrent.ThreadPoolExecutor.runWorker(ThreadPoolExecutor.java:1136)
at java.base@17.0.2/java.util.concurrent.ThreadPoolExecutor$Worker.run(ThreadPoolExecutor.java:635)
at java.base@17.0.2/java.lang.Thread.run(Thread.java:833)
]]>
    </failure>
  </testcase> <!-- rcb -->
  <testcase classname="extendReport.ExecuteWithlistener" name="dominos" time="12.884"/>
  <testcase classname="extendReport.ExecuteWithlistener" name="csk" time="0.0">
    <skipped/>
  </testcase> <!-- csk -->
</testsuite> <!-- Default test -->
